<?xml version="1.0" encoding="UTF-8"?>
<testsuite name="pl.edu.mimuw.MatrixAssertionsTest" tests="53" skipped="0" failures="0" errors="0" timestamp="2022-05-17T21:50:10" hostname="mrbekson119-HP" time="0.127">
  <properties/>
  <testcase name="testInvalidConstructThrowsOnOutboundNegativeIndices()" classname="pl.edu.mimuw.MatrixAssertionsTest" time="0.033"/>
  <testcase name="testInvalidConstructThrowsOnDifferentSizes()" classname="pl.edu.mimuw.MatrixAssertionsTest" time="0.002"/>
  <testcase name="testFullInvalidConstructThrowsOnEmpty()" classname="pl.edu.mimuw.MatrixAssertionsTest" time="0.0"/>
  <testcase name="testFullTimesThrowsOnNotMatchedSizes()" classname="pl.edu.mimuw.MatrixAssertionsTest" time="0.038"/>
  <testcase name="testSparseAddThrowsOnNotMatchedSizes()" classname="pl.edu.mimuw.MatrixAssertionsTest" time="0.034"/>
  <testcase name="testSparseTimesThrowsOnNotMatchedSizes()" classname="pl.edu.mimuw.MatrixAssertionsTest" time="0.039"/>
  <testcase name="testInvalidConstructThrowsOnOutboundIndices()" classname="pl.edu.mimuw.MatrixAssertionsTest" time="0.032"/>
  <testcase name="testFullAddThrowsOnNotMatchedSizes()" classname="pl.edu.mimuw.MatrixAssertionsTest" time="0.003"/>
  <testcase name="testFullInvalidConstructThrowsOnNull()" classname="pl.edu.mimuw.MatrixAssertionsTest" time="0.001"/>
  <testcase name="[2] 1.0 2.0 &#10;3.0 4.0 &#10;5.0 6.0 &#10;" classname="pl.edu.mimuw.MatrixAssertionsTest" time="0.031"/>
  <testcase name="[1] 1.0 2.0 3.0 &#10;4.0 5.0 6.0 &#10;" classname="pl.edu.mimuw.MatrixAssertionsTest" time="0.016"/>
  <testcase name="[3] 7.0 0 0 &#10;0 8.0 0 &#10;0 0 9.0 &#10;" classname="pl.edu.mimuw.MatrixAssertionsTest" time="0.021"/>
  <testcase name="[1] 1.0 2.0 3.0 &#10;4.0 5.0 6.0 &#10;" classname="pl.edu.mimuw.MatrixAssertionsTest" time="0.033"/>
  <testcase name="[7] 18.0&#10;19.0&#10;" classname="pl.edu.mimuw.MatrixAssertionsTest" time="0.001"/>
  <testcase name="[4] 0 0 12.0 &#10;0 11.0 0 &#10;10.0 0 0 &#10;" classname="pl.edu.mimuw.MatrixAssertionsTest" time="0.004"/>
  <testcase name="[5] 1.0 2.0 3.0 &#10;4.0 5.0 6.0 &#10;" classname="pl.edu.mimuw.MatrixAssertionsTest" time="0.005"/>
  <testcase name="[8] 15.0&#10;16.0&#10;17.0&#10;" classname="pl.edu.mimuw.MatrixAssertionsTest" time="0.003"/>
  <testcase name="[10] 1.0 0 0 &#10;0 1.0 0 &#10;0 0 1.0 &#10;" classname="pl.edu.mimuw.MatrixAssertionsTest" time="0.001"/>
  <testcase name="[6] 1.0 2.0 &#10;3.0 4.0 &#10;5.0 6.0 &#10;" classname="pl.edu.mimuw.MatrixAssertionsTest" time="0.004"/>
  <testcase name="[9] 1.0 0 &#10;0 1.0 &#10;" classname="pl.edu.mimuw.MatrixAssertionsTest" time="0.002"/>
  <testcase name="[1] 1.0 2.0 3.0 &#10;4.0 5.0 6.0 &#10;" classname="pl.edu.mimuw.MatrixAssertionsTest" time="0.001"/>
  <testcase name="[4] 0 0 12.0 &#10;0 11.0 0 &#10;10.0 0 0 &#10;" classname="pl.edu.mimuw.MatrixAssertionsTest" time="0.0"/>
  <testcase name="[5] 1.0 2.0 3.0 &#10;4.0 5.0 6.0 &#10;" classname="pl.edu.mimuw.MatrixAssertionsTest" time="0.0"/>
  <testcase name="[11] 0 0 &#10;0 0 &#10;0 0 &#10;" classname="pl.edu.mimuw.MatrixAssertionsTest" time="0.002"/>
  <testcase name="[2] 1.0 2.0 &#10;3.0 4.0 &#10;5.0 6.0 &#10;" classname="pl.edu.mimuw.MatrixAssertionsTest" time="0.0"/>
  <testcase name="[3] 7.0 0 0 &#10;0 8.0 0 &#10;0 0 9.0 &#10;" classname="pl.edu.mimuw.MatrixAssertionsTest" time="0.0"/>
  <testcase name="[10] 1.0 0 0 &#10;0 1.0 0 &#10;0 0 1.0 &#10;" classname="pl.edu.mimuw.MatrixAssertionsTest" time="0.0"/>
  <testcase name="[4] 0 0 12.0 &#10;0 11.0 0 &#10;10.0 0 0 &#10;" classname="pl.edu.mimuw.MatrixAssertionsTest" time="0.0"/>
  <testcase name="[10] 1.0 0 0 &#10;0 1.0 0 &#10;0 0 1.0 &#10;" classname="pl.edu.mimuw.MatrixAssertionsTest" time="0.001"/>
  <testcase name="[5] 1.0 2.0 3.0 &#10;4.0 5.0 6.0 &#10;" classname="pl.edu.mimuw.MatrixAssertionsTest" time="0.0"/>
  <testcase name="[11] 0 0 &#10;0 0 &#10;0 0 &#10;" classname="pl.edu.mimuw.MatrixAssertionsTest" time="0.0"/>
  <testcase name="[11] 0 0 &#10;0 0 &#10;0 0 &#10;" classname="pl.edu.mimuw.MatrixAssertionsTest" time="0.001"/>
  <testcase name="[6] 1.0 2.0 &#10;3.0 4.0 &#10;5.0 6.0 &#10;" classname="pl.edu.mimuw.MatrixAssertionsTest" time="0.001"/>
  <testcase name="[9] 1.0 0 &#10;0 1.0 &#10;" classname="pl.edu.mimuw.MatrixAssertionsTest" time="0.0"/>
  <testcase name="[5] 1.0 2.0 3.0 &#10;4.0 5.0 6.0 &#10;" classname="pl.edu.mimuw.MatrixAssertionsTest" time="0.0"/>
  <testcase name="[7] 18.0&#10;19.0&#10;" classname="pl.edu.mimuw.MatrixAssertionsTest" time="0.001"/>
  <testcase name="[4] 0 0 12.0 &#10;0 11.0 0 &#10;10.0 0 0 &#10;" classname="pl.edu.mimuw.MatrixAssertionsTest" time="0.0"/>
  <testcase name="[8] 15.0&#10;16.0&#10;17.0&#10;" classname="pl.edu.mimuw.MatrixAssertionsTest" time="0.0"/>
  <testcase name="[6] 1.0 2.0 &#10;3.0 4.0 &#10;5.0 6.0 &#10;" classname="pl.edu.mimuw.MatrixAssertionsTest" time="0.0"/>
  <testcase name="[7] 18.0&#10;19.0&#10;" classname="pl.edu.mimuw.MatrixAssertionsTest" time="0.001"/>
  <testcase name="[8] 15.0&#10;16.0&#10;17.0&#10;" classname="pl.edu.mimuw.MatrixAssertionsTest" time="0.0"/>
  <testcase name="[7] 18.0&#10;19.0&#10;" classname="pl.edu.mimuw.MatrixAssertionsTest" time="0.001"/>
  <testcase name="[6] 1.0 2.0 &#10;3.0 4.0 &#10;5.0 6.0 &#10;" classname="pl.edu.mimuw.MatrixAssertionsTest" time="0.001"/>
  <testcase name="[9] 1.0 0 &#10;0 1.0 &#10;" classname="pl.edu.mimuw.MatrixAssertionsTest" time="0.0"/>
  <testcase name="[10] 1.0 0 0 &#10;0 1.0 0 &#10;0 0 1.0 &#10;" classname="pl.edu.mimuw.MatrixAssertionsTest" time="0.0"/>
  <testcase name="[9] 1.0 0 &#10;0 1.0 &#10;" classname="pl.edu.mimuw.MatrixAssertionsTest" time="0.001"/>
  <testcase name="[11] 0 0 &#10;0 0 &#10;0 0 &#10;" classname="pl.edu.mimuw.MatrixAssertionsTest" time="0.0"/>
  <testcase name="[8] 15.0&#10;16.0&#10;17.0&#10;" classname="pl.edu.mimuw.MatrixAssertionsTest" time="0.0"/>
  <testcase name="[3] 7.0 0 0 &#10;0 8.0 0 &#10;0 0 9.0 &#10;" classname="pl.edu.mimuw.MatrixAssertionsTest" time="0.001"/>
  <testcase name="[2] 1.0 2.0 &#10;3.0 4.0 &#10;5.0 6.0 &#10;" classname="pl.edu.mimuw.MatrixAssertionsTest" time="0.001"/>
  <testcase name="[3] 7.0 0 0 &#10;0 8.0 0 &#10;0 0 9.0 &#10;" classname="pl.edu.mimuw.MatrixAssertionsTest" time="0.003"/>
  <testcase name="[2] 1.0 2.0 &#10;3.0 4.0 &#10;5.0 6.0 &#10;" classname="pl.edu.mimuw.MatrixAssertionsTest" time="0.005"/>
  <testcase name="[1] 1.0 2.0 3.0 &#10;4.0 5.0 6.0 &#10;" classname="pl.edu.mimuw.MatrixAssertionsTest" time="0.012"/>
  <system-out><![CDATA[]]></system-out>
  <system-err><![CDATA[]]></system-err>
</testsuite>
