<?xml version="1.0" encoding="UTF-8"?>
<testsuite name="pl.edu.mimuw.MatrixNormTest$FrobeniusNormTest" tests="8" skipped="0" failures="0" errors="0" timestamp="2022-05-17T21:50:10" hostname="mrbekson119-HP" time="0.061">
  <properties/>
  <testcase name="testFullMatrices()" classname="pl.edu.mimuw.MatrixNormTest$FrobeniusNormTest" time="0.049"/>
  <testcase name="testVector()" classname="pl.edu.mimuw.MatrixNormTest$FrobeniusNormTest" time="0.057"/>
  <testcase name="testConstant()" classname="pl.edu.mimuw.MatrixNormTest$FrobeniusNormTest" time="0.055"/>
  <testcase name="testSparseMatrices()" classname="pl.edu.mimuw.MatrixNormTest$FrobeniusNormTest" time="0.04"/>
  <testcase name="testRow()" classname="pl.edu.mimuw.MatrixNormTest$FrobeniusNormTest" time="0.049"/>
  <testcase name="testAntiDiagonal()" classname="pl.edu.mimuw.MatrixNormTest$FrobeniusNormTest" time="0.056"/>
  <testcase name="testColumn()" classname="pl.edu.mimuw.MatrixNormTest$FrobeniusNormTest" time="0.001"/>
  <testcase name="testDiagonal()" classname="pl.edu.mimuw.MatrixNormTest$FrobeniusNormTest" time="0.001"/>
  <system-out><![CDATA[]]></system-out>
  <system-err><![CDATA[]]></system-err>
</testsuite>
